<?xml version="1.0" encoding="UTF-8"?>
<testsuite errors="0" failures="0" hostname="localhost" name="com.fix4mat2pojo.factory.FileReaderFactoryTest" tests="1" time="0.003" timestamp="2013-05-05T16:38:09">
  <properties />
  <testcase classname="com.fix4mat2pojo.factory.FileReaderFactoryTest" name="itShouldReturnObjectToReadFile" time="0.0" />
  <system-out><![CDATA[]]></system-out>
  <system-err><![CDATA[]]></system-err>
</testsuite>
