<?xml version="1.0" encoding="UTF-8"?>
<testsuite errors="0" failures="0" hostname="localhost" name="com.fix4mat2pojo.factory.JSONNodeFactoryTest" tests="1" time="0.315" timestamp="2013-05-04T13:22:20">
  <properties />
  <testcase classname="com.fix4mat2pojo.factory.JSONNodeFactoryTest" name="itShouldCreateJsonNode" time="0.233" />
  <system-out><![CDATA[]]></system-out>
  <system-err><![CDATA[]]></system-err>
</testsuite>
