<?xml version="1.1" encoding="UTF-8"?>
<testsuite name="com.fix4mat2pojo.factory.JSONNodeFactoryTest" tests="1" failures="0" errors="0" timestamp="2013-05-06T10:49:39" hostname="U2-DPE-CPB-0072" time="0.237">
  <properties/>
  <testcase name="itShouldCreateJsonNode" classname="com.fix4mat2pojo.factory.JSONNodeFactoryTest" time="0.237"/>
  <system-out><![CDATA[]]></system-out>
  <system-err><![CDATA[]]></system-err>
</testsuite>
