<?xml version="1.0" encoding="UTF-8"?>
<testsuite errors="0" failures="0" hostname="localhost" name="com.fix4mat2pojo.jsonconfig.parser.JsonParserTest" tests="1" time="0.008" timestamp="2013-05-10T03:35:16">
  <properties />
  <testcase classname="com.fix4mat2pojo.jsonconfig.parser.JsonParserTest" name="itShouldREturntheClassNameFromJsonObject" time="0.004" />
  <system-out><![CDATA[Employee
]]></system-out>
  <system-err><![CDATA[]]></system-err>
</testsuite>
