<?xml version="1.0" encoding="UTF-8"?>
<testsuite errors="0" failures="0" hostname="localhost" name="com.fix4mat2pojo.service.JsonConfigReaderServiceTest" tests="1" time="0.005" timestamp="2013-05-10T03:35:16">
  <properties />
  <testcase classname="com.fix4mat2pojo.service.JsonConfigReaderServiceTest" name="itShouldCreateJsonNode" time="0.001" />
  <system-out><![CDATA[]]></system-out>
  <system-err><![CDATA[]]></system-err>
</testsuite>
